<?xml version="1.0" encoding="UTF-8"?>
<!-- Generated by org.testng.reporters.JUnitReportReporter -->
<testsuite skipped="0" hostname="LAPTOP-IAQHS7UT" name="testCases.ReadAllProducts" tests="1" failures="0" timestamp="20 Apr 2022 05:54:54 GMT" time="1.951" errors="0">
  <testcase name="read_All_Products" time="1.951" classname="testCases.ReadAllProducts"/>
</testsuite> <!-- testCases.ReadAllProducts -->
