<?xml version="1.0" encoding="UTF-8"?>
<!-- Generated by org.testng.reporters.JUnitReportReporter -->
<testsuite skipped="0" hostname="LAPTOP-IAQHS7UT" name="testCases.CreateNewProduct" tests="3" failures="0" timestamp="20 Apr 2022 18:41:29 GMT" time="2.089" errors="0">
  <testcase name="create_New_Product" time="1.180" classname="testCases.CreateNewProduct"/>
  <testcase name="read_All_Products" time="0.582" classname="testCases.CreateNewProduct"/>
  <testcase name="read_One_Product" time="0.327" classname="testCases.CreateNewProduct"/>
</testsuite> <!-- testCases.CreateNewProduct -->
