<?xml version="1.0" encoding="UTF-8"?>
<!-- Generated by org.testng.reporters.JUnitReportReporter -->
<testsuite skipped="0" hostname="LAPTOP-IAQHS7UT" name="testCases.UpdateProduct" tests="4" failures="0" timestamp="20 Apr 2022 19:18:36 GMT" time="2.646" errors="0">
  <testcase name="create_New_Product" time="1.313" classname="testCases.UpdateProduct"/>
  <testcase name="read_All_Products" time="0.636" classname="testCases.UpdateProduct"/>
  <testcase name="update_Product" time="0.327" classname="testCases.UpdateProduct"/>
  <testcase name="read_One_Product" time="0.370" classname="testCases.UpdateProduct"/>
</testsuite> <!-- testCases.UpdateProduct -->
