<?xml version="1.0" encoding="UTF-8"?>
<!-- Generated by org.testng.reporters.JUnitReportReporter -->
<testsuite skipped="0" hostname="LAPTOP-IAQHS7UT" name="testCases.DeleteProduct" tests="4" failures="0" timestamp="20 Apr 2022 21:03:29 GMT" time="3.328" errors="0">
  <testcase name="create_New_Product" time="1.943" classname="testCases.DeleteProduct"/>
  <testcase name="read_All_Products" time="0.698" classname="testCases.DeleteProduct"/>
  <testcase name="delete_Product" time="0.351" classname="testCases.DeleteProduct"/>
  <testcase name="read_Deleted_Product" time="0.336" classname="testCases.DeleteProduct"/>
</testsuite> <!-- testCases.DeleteProduct -->
