<?xml version="1.0" encoding="UTF-8"?>
<!-- Generated by org.testng.reporters.JUnitReportReporter -->
<testsuite skipped="0" hostname="LAPTOP-IAQHS7UT" name="testCases.ReadAllProducts" tests="1" failures="0" timestamp="14 Apr 2022 04:43:36 GMT" time="2.384" errors="0">
  <testcase name="read_All_Products" time="2.384" classname="testCases.ReadAllProducts"/>
</testsuite> <!-- testCases.ReadAllProducts -->
