<?xml version="1.0" encoding="UTF-8"?>
<!-- Generated by org.testng.reporters.JUnitReportReporter -->
<testsuite skipped="0" hostname="LAPTOP-IAQHS7UT" name="testCases.ReadOneProduct" tests="1" failures="0" timestamp="20 Apr 2022 16:31:30 GMT" time="2.263" errors="0">
  <testcase name="read_One_Product" time="2.263" classname="testCases.ReadOneProduct"/>
</testsuite> <!-- testCases.ReadOneProduct -->
